<?xml version="1.0" encoding="UTF-8"?>
<!-- Generated by org.testng.reporters.JUnitReportReporter -->
<testsuite skipped="0" hostname="MLBMYS-12027" name="com.marlabs.testCase.TC06_BestHospitalsSearch" tests="1" failures="0" timestamp="27 Feb 2019 14:39:19 GMT" time="4.930" errors="0">
  <testcase name="BestHospitalsSearch" time="4.930" classname="com.marlabs.testCase.TC06_BestHospitalsSearch"/>
</testsuite> <!-- com.marlabs.testCase.TC06_BestHospitalsSearch -->
