<?xml version="1.0" encoding="UTF-8"?>
<!-- Generated by org.testng.reporters.JUnitReportReporter -->
<testsuite skipped="0" hostname="MLBMYS-12027" name="com.marlabs.testCase.TC04_BestHospitalsSearchAll" tests="1" failures="0" timestamp="27 Feb 2019 14:39:19 GMT" time="30.176" errors="0">
  <testcase name="BestHospitalsSearch" time="30.176" classname="com.marlabs.testCase.TC04_BestHospitalsSearchAll"/>
</testsuite> <!-- com.marlabs.testCase.TC04_BestHospitalsSearchAll -->
