<?xml version="1.0" encoding="UTF-8"?>
<!-- Generated by org.testng.reporters.JUnitReportReporter -->
<testsuite skipped="0" hostname="MLBMYS-12919" name="com.marlabs.testCase.TC05_BestDoctorsSearch" tests="1" failures="0" timestamp="12 Feb 2019 14:54:13 GMT" time="50.107" errors="0">
  <testcase name="BestHospitalsSearch" time="50.107" classname="com.marlabs.testCase.TC05_BestDoctorsSearch"/>
</testsuite> <!-- com.marlabs.testCase.TC05_BestDoctorsSearch -->
