<?xml version="1.0" encoding="UTF-8"?>
<!-- Generated by org.testng.reporters.JUnitReportReporter -->
<testsuite skipped="0" hostname="MLBMYS-20334" name="com.marlabs.testCase.TC02_HospitalProfilePage" tests="1" failures="0" timestamp="28 Jan 2019 08:36:54 GMT" time="52.234" errors="0">
  <testcase name="VerifyHospital" time="52.234" classname="com.marlabs.testCase.TC02_HospitalProfilePage"/>
</testsuite> <!-- com.marlabs.testCase.TC02_HospitalProfilePage -->
