<?xml version="1.0" encoding="UTF-8"?>
<!-- Generated by org.testng.reporters.JUnitReportReporter -->
<testsuite skipped="0" hostname="MLBMYS-12919" name="com.marlabs.BestHospitalsTC.TC06_BestHospitalsSearch" tests="1" failures="0" timestamp="12 Feb 2019 07:57:51 GMT" time="3.660" errors="0">
  <testcase name="BestHospitalsSearch" time="3.660" classname="com.marlabs.BestHospitalsTC.TC06_BestHospitalsSearch"/>
</testsuite> <!-- com.marlabs.BestHospitalsTC.TC06_BestHospitalsSearch -->
