<?xml version="1.0" encoding="UTF-8"?>
<!-- Generated by org.testng.reporters.JUnitReportReporter -->
<testsuite skipped="0" hostname="MLBMYS-12919" name="com.marlabs.BestHospitalsTC.TC04_BestHospitalsSearchAll" tests="1" failures="0" timestamp="12 Feb 2019 07:57:51 GMT" time="20.808" errors="0">
  <testcase name="BestHospitalsSearch" time="20.808" classname="com.marlabs.BestHospitalsTC.TC04_BestHospitalsSearchAll"/>
</testsuite> <!-- com.marlabs.BestHospitalsTC.TC04_BestHospitalsSearchAll -->
