<?xml version="1.0" encoding="UTF-8"?>
<!-- Generated by org.testng.reporters.JUnitReportReporter -->
<testsuite skipped="0" hostname="MLBMYS-12919" name="com.marlabs.testCase.TC05_DoctorsProfilePage" tests="1" failures="0" timestamp="25 Jan 2019 15:15:26 GMT" time="9.877" errors="0">
  <testcase name="DoctorsProfilePage" time="9.877" classname="com.marlabs.testCase.TC05_DoctorsProfilePage"/>
</testsuite> <!-- com.marlabs.testCase.TC05_DoctorsProfilePage -->
