<?xml version="1.0" encoding="UTF-8"?>
<!-- Generated by org.testng.reporters.JUnitReportReporter -->
<testsuite skipped="0" hostname="MLBMYS-20334" name="com.marlabs.testCase.TC03_Hospitals_Search_Page" tests="1" failures="0" timestamp="28 Jan 2019 07:24:37 GMT" time="368.839" errors="0">
  <testcase name="VerifyDoctorsSearch" time="368.839" classname="com.marlabs.testCase.TC03_Hospitals_Search_Page"/>
</testsuite> <!-- com.marlabs.testCase.TC03_Hospitals_Search_Page -->
