<?xml version="1.0" encoding="UTF-8"?>
<!-- Generated by org.testng.reporters.JUnitReportReporter -->
<testsuite skipped="0" hostname="MLBMYS-12919" name="com.marlabs.testCase.TC01_AllSearch" tests="1" failures="0" timestamp="12 Feb 2019 14:47:36 GMT" time="45.223" errors="0">
  <testcase name="VerifyHomePage" time="45.223" classname="com.marlabs.testCase.TC01_AllSearch"/>
</testsuite> <!-- com.marlabs.testCase.TC01_AllSearch -->
