<?xml version="1.0" encoding="UTF-8"?>
<!-- Generated by org.testng.reporters.JUnitReportReporter -->
<testsuite skipped="0" hostname="MLBMYS-12919" name="com.marlabs.testCase.TC02_HompePageContents" tests="1" failures="0" timestamp="12 Feb 2019 13:55:51 GMT" time="16.993" errors="0">
  <testcase name="HomePage" time="16.993" classname="com.marlabs.testCase.TC02_HompePageContents"/>
</testsuite> <!-- com.marlabs.testCase.TC02_HompePageContents -->
