<?xml version="1.0" encoding="UTF-8"?>
<!-- Generated by org.testng.reporters.JUnitReportReporter -->
<testsuite skipped="0" hostname="MLBMYS-12919" name="com.marlabs.testCase.TC04_BestDietsHomePage" tests="1" failures="0" timestamp="25 Jan 2019 15:15:26 GMT" time="4.551" errors="0">
  <testcase name="VerifyBestDietsHomePage" time="4.551" classname="com.marlabs.testCase.TC04_BestDietsHomePage"/>
</testsuite> <!-- com.marlabs.testCase.TC04_BestDietsHomePage -->
