<?xml version="1.0" encoding="UTF-8"?>
<!-- Generated by org.testng.reporters.JUnitReportReporter -->
<testsuite skipped="0" hostname="MLBMYS-12919" name="com.marlabs.testCase.TC06_BestHospitalsSearch" tests="1" failures="0" timestamp="12 Feb 2019 13:55:51 GMT" time="3.888" errors="0">
  <testcase name="BestHospitalsSearch" time="3.888" classname="com.marlabs.testCase.TC06_BestHospitalsSearch"/>
</testsuite> <!-- com.marlabs.testCase.TC06_BestHospitalsSearch -->
